<?xml version="1.0" encoding="utf-8"?><testsuites name="pytest tests"><testsuite name="pytest" errors="0" failures="0" skipped="0" tests="62" time="6.453" timestamp="2026-03-19T13:54:03.612443+01:00" hostname="behzad"><testcase classname="tests.test_contract_audit.ControlPlaneContractAuditTests" name="test_audit_script_regression" time="0.039" /><testcase classname="tests.test_contract_audit.ControlPlaneContractAuditTests" name="test_invalid_handler_result_missing_status_is_rejected" time="0.001" /><testcase classname="tests.test_contract_audit.ControlPlaneContractAuditTests" name="test_invalid_handler_result_non_mapping_is_rejected" time="0.000" /><testcase classname="tests.test_contract_audit.ControlPlaneContractAuditTests" name="test_invalid_registry_entry_shape_is_rejected" time="0.000" /><testcase classname="tests.test_contract_audit.ControlPlaneContractAuditTests" name="test_missing_handler_reference_is_rejected" time="0.000" /><testcase classname="tests.test_contract_audit.ControlPlaneContractAuditTests" name="test_real_registry_handler_audit_passes" time="0.001" /><testcase classname="tests.test_execution_contracts.ControlPlaneExecutionContractsTests" name="test_execute_handler_with_invalid_result_fails" time="0.000" /><testcase classname="tests.test_execution_contracts.ControlPlaneExecutionContractsTests" name="test_execute_handler_with_valid_payload_and_result_passes" time="0.000" /><testcase classname="tests.test_execution_contracts.ControlPlaneExecutionContractsTests" name="test_handler_result_invalid_artifacts_type_is_rejected" time="0.000" /><testcase classname="tests.test_execution_contracts.ControlPlaneExecutionContractsTests" name="test_handler_result_missing_status_is_rejected" time="0.000" /><testcase classname="tests.test_execution_contracts.ControlPlaneExecutionContractsTests" name="test_non_callable_handler_is_rejected" time="0.000" /><testcase classname="tests.test_execution_contracts.ControlPlaneExecutionContractsTests" name="test_payload_invalid_input_type_is_rejected" time="0.000" /><testcase classname="tests.test_execution_contracts.ControlPlaneExecutionContractsTests" name="test_payload_missing_task_type_is_rejected" time="0.000" /><testcase classname="tests.test_execution_contracts.ControlPlaneExecutionContractsTests" name="test_subprocess_non_zero_exit_is_rejected_with_returncode" time="0.011" /><testcase classname="tests.test_execution_contracts.ControlPlaneExecutionContractsTests" name="test_subprocess_zero_exit_passes" time="0.011" /><testcase classname="tests.test_execution_contracts.ControlPlaneExecutionContractsTests" name="test_verify_execution_contracts_script_regression" time="0.066" /><testcase classname="tests.test_module_contracts.ControlPlaneModuleContractsTests" name="test_cli_entry_invokes_official_path" time="0.000" /><testcase classname="tests.test_module_contracts.ControlPlaneModuleContractsTests" name="test_cli_entry_lock_contracts_command" time="0.053" /><testcase classname="tests.test_module_contracts.ControlPlaneModuleContractsTests" name="test_frozen_registry_shape_preserved" time="0.000" /><testcase classname="tests.test_module_contracts.ControlPlaneModuleContractsTests" name="test_module_contract_export_invalid_type" time="0.001" /><testcase classname="tests.test_module_contracts.ControlPlaneModuleContractsTests" name="test_module_contract_export_missing" time="0.001" /><testcase classname="tests.test_module_contracts.ControlPlaneModuleContractsTests" name="test_registry_shape_drift_rejected" time="0.001" /><testcase classname="tests.test_module_contracts.ControlPlaneModuleContractsTests" name="test_worker_entry_dispatches_official_path" time="0.082" /><testcase classname="tests.test_module_contracts.ControlPlaneModuleContractsTests" name="test_worker_entry_invokes_official_dispatch" time="0.000" /><testcase classname="tests.test_queue_contracts.ControlPlaneQueueContractsTests" name="test_claim_conflict_is_rejected_for_other_worker" time="0.000" /><testcase classname="tests.test_queue_contracts.ControlPlaneQueueContractsTests" name="test_dead_letter_record_is_normalized" time="0.000" /><testcase classname="tests.test_queue_contracts.ControlPlaneQueueContractsTests" name="test_duplicate_claim_is_rejected" time="0.000" /><testcase classname="tests.test_queue_contracts.ControlPlaneQueueContractsTests" name="test_invalid_state_transition_is_rejected" time="0.000" /><testcase classname="tests.test_queue_contracts.ControlPlaneQueueContractsTests" name="test_malformed_queue_item_is_rejected" time="0.000" /><testcase classname="tests.test_queue_contracts.ControlPlaneQueueContractsTests" name="test_runtime_claim_transition_and_dead_letter_flow" time="0.026" /><testcase classname="tests.test_queue_contracts.ControlPlaneQueueContractsTests" name="test_verify_queue_contracts_script_regression" time="0.085" /><testcase classname="tests.test_registry_dispatch_runtime.ControlPlaneRegistryDispatchRuntimeTests" name="test_missing_handler_dead_lettered" time="0.020" /><testcase classname="tests.test_registry_dispatch_runtime.ControlPlaneRegistryDispatchRuntimeTests" name="test_persistent_dispatch_preserves_failure_context" time="0.026" /><testcase classname="tests.test_registry_dispatch_runtime.ControlPlaneRegistryDispatchRuntimeTests" name="test_registry_dispatch_failure_recovery" time="0.026" /><testcase classname="tests.test_registry_dispatch_runtime.ControlPlaneRegistryDispatchRuntimeTests" name="test_registry_dispatch_success_path" time="0.024" /><testcase classname="tests.test_registry_dispatch_runtime.ControlPlaneRegistryDispatchRuntimeTests" name="test_unknown_task_type_dead_lettered" time="0.018" /><testcase classname="tests.test_registry_dispatch_runtime.ControlPlaneRegistryDispatchRuntimeTests" name="test_verify_registry_dispatch_runtime_script_regression" time="0.124" /><testcase classname="tests.test_regression_matrix.ControlPlaneRegressionMatrixTests" name="test_formal_harness_script_regression" time="0.369" /><testcase classname="tests.test_regression_matrix.ControlPlaneRegressionMatrixTests" name="test_schema_business_and_graph_regression_matrix" time="0.241" /><testcase classname="tests.test_smoke.ControlPlaneSmokeTests" name="test_health_and_worker_registration" time="0.038" /><testcase classname="tests.test_suite_contracts.ControlPlaneSuiteContractsTests" name="test_assertion_failure_is_categorized_stably" time="0.001" /><testcase classname="tests.test_suite_contracts.ControlPlaneSuiteContractsTests" name="test_import_error_is_categorized_stably" time="0.000" /><testcase classname="tests.test_suite_contracts.ControlPlaneSuiteContractsTests" name="test_manifest_failure_categories_match_python_enum" time="0.000" /><testcase classname="tests.test_suite_contracts.ControlPlaneSuiteContractsTests" name="test_suite_manifest_is_present_and_well_formed" time="0.000" /><testcase classname="tests.test_worker_loop_runtime.ControlPlaneWorkerLoopRuntimeTests" name="test_db_backed_claim_consistency" time="0.028" /><testcase classname="tests.test_worker_loop_runtime.ControlPlaneWorkerLoopRuntimeTests" name="test_dead_letter_replay_normalizes_to_queued" time="0.029" /><testcase classname="tests.test_worker_loop_runtime.ControlPlaneWorkerLoopRuntimeTests" name="test_replay_from_invalid_state_rejected" time="0.012" /><testcase classname="tests.test_worker_loop_runtime.ControlPlaneWorkerLoopRuntimeTests" name="test_replay_without_failure_context_rejected" time="0.013" /><testcase classname="tests.test_worker_loop_runtime.ControlPlaneWorkerLoopRuntimeTests" name="test_verify_worker_loop_runtime_script_regression" time="0.098" /><testcase classname="tests.test_worker_loop_runtime.ControlPlaneWorkerLoopRuntimeTests" name="test_worker_loop_transition_bypass_rejected" time="0.013" /><testcase classname="tests.test_workflow_e2e.ControlPlaneWorkflowE2ETests" name="test_h3_race_safe_create_task_regression" time="0.077" /><testcase classname="tests.test_workflow_e2e.ControlPlaneWorkflowE2ETests" name="test_phase_h_demo_end_to_end_regression" time="4.844" /></testsuite></testsuites>