<?xml version="1.0" encoding="utf-8"?><testsuites name="pytest tests"><testsuite name="pytest" errors="0" failures="0" skipped="0" tests="2" time="4.990" timestamp="2026-03-19T13:53:53.143848+01:00" hostname="behzad"><testcase classname="tests.test_workflow_e2e.ControlPlaneWorkflowE2ETests" name="test_h3_race_safe_create_task_regression" time="0.096" /><testcase classname="tests.test_workflow_e2e.ControlPlaneWorkflowE2ETests" name="test_phase_h_demo_end_to_end_regression" time="4.848" /></testsuite></testsuites>