<?xml version="1.0" encoding="utf-8"?><testsuites name="pytest tests"><testsuite name="pytest" errors="0" failures="0" skipped="0" tests="12" time="0.622" timestamp="2026-03-19T13:54:17.921446+01:00" hostname="behzad"><testcase classname="tests.test_regression_matrix.ControlPlaneRegressionMatrixTests" name="test_formal_harness_script_regression" time="0.335" /><testcase classname="tests.test_regression_matrix.ControlPlaneRegressionMatrixTests" name="test_schema_business_and_graph_regression_matrix" time="0.242" /></testsuite></testsuites>